<?xml version="1.0" encoding="UTF-8"?>
<testsuite xmlns:xsi="http://www.w3.org/2001/XMLSchema-instance" xsi:noNamespaceSchemaLocation="https://maven.apache.org/surefire/maven-surefire-plugin/xsd/surefire-test-report-3.0.xsd" version="3.0" name="com.valandor.CombatTest" time="0.221" tests="8" errors="0" skipped="0" failures="0">
  <properties>
[...]
</properties>
  <testcase name="testJoueurCommenceAvecPVMax" classname="com.valandor.CombatTest" time="0.088"/>
  <testcase name="testGagnerXPMonteeDeNiveau" classname="com.valandor.CombatTest" time="0.009">
    <system-out><![CDATA[  TestJoueur gagne 100 XP (total : 100 XP)
  *** NIVEAU 2 ! ***
  [TestJoueur] PV: 120/120 | ATT: 13 | DEF: 7
]]></system-out>
  </testcase>
  <testcase name="testRecompenseXPEnnemi" classname="com.valandor.CombatTest" time="0.003"/>
  <testcase name="testEnnemiMortApresDegatsSuffisants" classname="com.valandor.CombatTest" time="0.003">
    <system-out><![CDATA[  Gobelin subit 98 dégâts (2 absorbés) → 0/30 PV
]]></system-out>
  </testcase>
  <testcase name="testPVNeDevientPasNegatif" classname="com.valandor.CombatTest" time="0.007">
    <system-out><![CDATA[  Gobelin subit 9998 dégâts (2 absorbés) → 0/30 PV
]]></system-out>
  </testcase>
  <testcase name="testSubirDegatsReduitPV" classname="com.valandor.CombatTest" time="0.016">
    <system-out><![CDATA[  Gobelin subit 8 dégâts (2 absorbés) → 22/30 PV
]]></system-out>
  </testcase>
  <testcase name="testDefenseAbsorbeDegats" classname="com.valandor.CombatTest" time="0.003">
    <system-out><![CDATA[  TestJoueur subit 0 dégâts (3 absorbés) → 100/100 PV
]]></system-out>
  </testcase>
  <testcase name="testSoinLimiteAuPVMax" classname="com.valandor.CombatTest" time="0.011">
    <system-out><![CDATA[  TestJoueur subit 15 dégâts (5 absorbés) → 85/100 PV
  TestJoueur récupère 15 PV → 100/100 PV
]]></system-out>
  </testcase>
</testsuite>